<?xml version="1.0" encoding="UTF-8"?>
<robot generator="Robot 6.0.2 (Python 3.11.3 on win32)" generated="20230502 11:54:38.227" rpa="false" schemaversion="3">
<suite id="s1" name="Test1" source="C:\RobotFramework\Robotframework\test1.robot">
<test id="s1-t1" name="Test Amazon 1" line="6">
<kw name="Open Browser" library="SeleniumLibrary">
<arg>https://www.amazon.fr/</arg>
<arg>browser=chrome</arg>
<doc>Opens a new browser instance to the optional ``url``.</doc>
<msg timestamp="20230502 11:54:38.447" level="INFO">Opening browser 'chrome' to base url 'https://www.amazon.fr/'.</msg>
<status status="PASS" starttime="20230502 11:54:38.446" endtime="20230502 11:54:42.651"/>
</kw>
<kw name="Maximize Browser Window" library="SeleniumLibrary">
<doc>Maximizes current browser window.</doc>
<status status="PASS" starttime="20230502 11:54:42.652" endtime="20230502 11:54:42.807"/>
</kw>
<kw name="Click Element" library="SeleniumLibrary">
<arg>id=sp-cc-accept</arg>
<doc>Click the element identified by ``locator``.</doc>
<msg timestamp="20230502 11:54:42.807" level="INFO">Clicking element 'id=sp-cc-accept'.</msg>
<status status="PASS" starttime="20230502 11:54:42.807" endtime="20230502 11:54:43.020"/>
</kw>
<kw name="Wait Until Element Is Not Visible" library="SeleniumLibrary">
<arg>id=sp-cc-accept</arg>
<doc>Waits until the element ``locator`` is not visible.</doc>
<status status="PASS" starttime="20230502 11:54:43.020" endtime="20230502 11:54:43.056"/>
</kw>
<kw name="Close All Browsers" library="SeleniumLibrary">
<doc>Closes all open browsers and resets the browser cache.</doc>
<status status="PASS" starttime="20230502 11:54:43.056" endtime="20230502 11:54:49.261"/>
</kw>
<status status="PASS" starttime="20230502 11:54:38.446" endtime="20230502 11:54:49.262"/>
</test>
<status status="PASS" starttime="20230502 11:54:38.228" endtime="20230502 11:54:49.264"/>
</suite>
<statistics>
<total>
<stat pass="1" fail="0" skip="0">All Tests</stat>
</total>
<tag>
</tag>
<suite>
<stat pass="1" fail="0" skip="0" id="s1" name="Test1">Test1</stat>
</suite>
</statistics>
<errors>
</errors>
</robot>
